<?xml version="1.0" encoding="UTF-8"?>
<!-- Generated by org.testng.reporters.JUnitXMLReporter -->
<testsuite hostname="rajat-PC" ignored="1" name="Default test" tests="3" failures="0" timestamp="03 Jan 2019 15:23:14 GMT" time="0.1" errors="0">
  <testcase name="One" time="0.014" classname="runner.MultipleTest"/>
  <testcase name="Two" time="0.012" classname="runner.MultipleTest"/>
  <testcase name="Four" time="0.006" classname="runner.MultipleTest"/>
  <testcase name="Three" time="0.0" classname="runner.MultipleTest">
    <ignored/>
  </testcase> <!-- Three -->
</testsuite> <!-- Default test -->
